<?xml version="1.0" encoding="utf-8"?><testsuites name="pytest tests"><testsuite name="pytest" errors="0" failures="0" skipped="0" tests="8" time="1.925" timestamp="2026-05-12T06:42:51.330352+00:00" hostname="agent-env-41c72d0a-2e12-4ff2-ae87-a262a8e79c35"><testcase classname="backend.tests.test_empire_ai.TestContactAPI" name="test_create_contact" time="0.337" /><testcase classname="backend.tests.test_empire_ai.TestContactAPI" name="test_create_contact_with_optional_fields" time="0.165" /><testcase classname="backend.tests.test_empire_ai.TestContactAPI" name="test_create_contact_missing_name" time="0.127" /><testcase classname="backend.tests.test_empire_ai.TestContactAPI" name="test_get_contacts" time="0.156" /><testcase classname="backend.tests.test_empire_ai.TestSubscribeAPI" name="test_subscribe_new_email" time="0.180" /><testcase classname="backend.tests.test_empire_ai.TestSubscribeAPI" name="test_subscribe_duplicate_email" time="0.117" /><testcase classname="backend.tests.test_empire_ai.TestSubscribeAPI" name="test_get_subscribers" time="0.137" /><testcase classname="backend.tests.test_empire_ai.TestSubscribeAPI" name="test_subscribe_missing_email" time="0.174" /></testsuite></testsuites>